<?xml version="1.0" encoding="UTF-8"?>
<!-- Generated by org.testng.reporters.JUnitReportReporter -->
<testsuite hostname="Administrator" failures="0" tests="3" name="curahealthcare.HomePageTest" time="1.029" errors="0" timestamp="2024-01-31T10:51:20 WIB" skipped="0">
  <testcase classname="curahealthcare.HomePageTest" name="checkElement" time="0.503"/>
  <testcase classname="curahealthcare.HomePageTest" name="testToggleMenu" time="0.145"/>
  <testcase classname="curahealthcare.HomePageTest" name="clickButtonMakeAppointment" time="0.381"/>
</testsuite> <!-- curahealthcare.HomePageTest -->
