<?xml version="1.0" encoding="UTF-8"?>
<!-- Generated by org.testng.reporters.JUnitReportReporter -->
<testsuite hostname="Administrator" failures="0" tests="3" name="curahealthcare.HomePageTest2" time="0.945" errors="0" timestamp="2023-12-04T13:42:20 WIB" skipped="0">
  <testcase classname="curahealthcare.HomePageTest2" name="checkElement" time="0.124"/>
  <testcase classname="curahealthcare.HomePageTest2" name="testToggleMenu" time="0.105"/>
  <testcase classname="curahealthcare.HomePageTest2" name="clickButtonMakeAppointment" time="0.716"/>
</testsuite> <!-- curahealthcare.HomePageTest2 -->
